<?xml version="1.0" encoding="UTF-8"?>
<!-- Generated by org.testng.reporters.JUnitXMLReporter -->
<testsuite hostname="DESKTOP-RHOFPV4" ignored="0" name="Test" tests="2" failures="0" timestamp="2020-05-30T16:39:21 CDT" time="4.152" errors="0">
  <testcase name="@BeforeTest initialize" time="4.022" classname="Sample.End2EndProject.HomePageTest">
    <failure type="org.openqa.selenium.SessionNotCreatedException" message="session not created: This version of ChromeDriver only supports Chrome version 80
Build info: version: &amp;apos;3.141.59&amp;apos;, revision: &amp;apos;e82be7d358&amp;apos;, time: &amp;apos;2018-11-14T08:25:48&amp;apos;
System info: host: &amp;apos;DESKTOP-RHOFPV4&amp;apos;, ip: &amp;apos;192.168.86.23&amp;apos;, os.name: &amp;apos;Windows 10&amp;apos;, os.arch: &amp;apos;amd64&amp;apos;, os.version: &amp;apos;10.0&amp;apos;, java.version: &amp;apos;1.8.0_201&amp;apos;
Driver info: driver.version: ChromeDriver
remote stacktrace: Backtrace:
	Ordinal0 [0x01030C83+1707139]
	Ordinal0 [0x00F968F1+1075441]
	Ordinal0 [0x00F0DFC9+516041]
	Ordinal0 [0x00EA0554+66900]
	Ordinal0 [0x00E9CCE2+52450]
	Ordinal0 [0x00EBBFD7+180183]
	Ordinal0 [0x00EBBDDD+179677]
	Ordinal0 [0x00EB9D4B+171339]
	Ordinal0 [0x00EA1D4A+73034]
	Ordinal0 [0x00EA2DC0+77248]
	Ordinal0 [0x00EA2D59+77145]
	Ordinal0 [0x00FABB67+1162087]
	GetHandleVerifier [0x010CA966+508998]
	GetHandleVerifier [0x010CA6A4+508292]
	GetHandleVerifier [0x010DF7B7+594583]
	GetHandleVerifier [0x010CB1D6+511158]
	Ordinal0 [0x00FA402C+1130540]
	Ordinal0 [0x00FAD4CB+1168587]
	Ordinal0 [0x00FAD633+1168947]
	Ordinal0 [0x00FC5B35+1268533]
	BaseThreadInitThunk [0x74C56359+25]
	RtlGetAppContainerNamedObjectPath [0x77357C24+228]
	RtlGetAppContainerNamedObjectPath [0x77357BF4+180]
">
      <![CDATA[org.openqa.selenium.SessionNotCreatedException: session not created: This version of ChromeDriver only supports Chrome version 80
Build info: version: '3.141.59', revision: 'e82be7d358', time: '2018-11-14T08:25:48'
System info: host: 'DESKTOP-RHOFPV4', ip: '192.168.86.23', os.name: 'Windows 10', os.arch: 'amd64', os.version: '10.0', java.version: '1.8.0_201'
Driver info: driver.version: ChromeDriver
remote stacktrace: Backtrace:
Ordinal0 [0x01030C83+1707139]
Ordinal0 [0x00F968F1+1075441]
Ordinal0 [0x00F0DFC9+516041]
Ordinal0 [0x00EA0554+66900]
Ordinal0 [0x00E9CCE2+52450]
Ordinal0 [0x00EBBFD7+180183]
Ordinal0 [0x00EBBDDD+179677]
Ordinal0 [0x00EB9D4B+171339]
Ordinal0 [0x00EA1D4A+73034]
Ordinal0 [0x00EA2DC0+77248]
Ordinal0 [0x00EA2D59+77145]
Ordinal0 [0x00FABB67+1162087]
GetHandleVerifier [0x010CA966+508998]
GetHandleVerifier [0x010CA6A4+508292]
GetHandleVerifier [0x010DF7B7+594583]
GetHandleVerifier [0x010CB1D6+511158]
Ordinal0 [0x00FA402C+1130540]
Ordinal0 [0x00FAD4CB+1168587]
Ordinal0 [0x00FAD633+1168947]
Ordinal0 [0x00FC5B35+1268533]
BaseThreadInitThunk [0x74C56359+25]
RtlGetAppContainerNamedObjectPath [0x77357C24+228]
RtlGetAppContainerNamedObjectPath [0x77357BF4+180]

at org.openqa.selenium.remote.W3CHandshakeResponse.lambda$errorHandler$0(W3CHandshakeResponse.java:62)
at org.openqa.selenium.remote.HandshakeResponse.lambda$getResponseFunction$0(HandshakeResponse.java:30)
at org.openqa.selenium.remote.ProtocolHandshake.lambda$createSession$0(ProtocolHandshake.java:126)
at java.util.stream.ReferencePipeline$3$1.accept(ReferencePipeline.java:193)
at java.util.Spliterators$ArraySpliterator.tryAdvance(Spliterators.java:958)
at java.util.stream.ReferencePipeline.forEachWithCancel(ReferencePipeline.java:126)
at java.util.stream.AbstractPipeline.copyIntoWithCancel(AbstractPipeline.java:498)
at java.util.stream.AbstractPipeline.copyInto(AbstractPipeline.java:485)
at java.util.stream.AbstractPipeline.wrapAndCopyInto(AbstractPipeline.java:471)
at java.util.stream.FindOps$FindOp.evaluateSequential(FindOps.java:152)
at java.util.stream.AbstractPipeline.evaluate(AbstractPipeline.java:234)
at java.util.stream.ReferencePipeline.findFirst(ReferencePipeline.java:464)
at org.openqa.selenium.remote.ProtocolHandshake.createSession(ProtocolHandshake.java:128)
at org.openqa.selenium.remote.ProtocolHandshake.createSession(ProtocolHandshake.java:74)
at org.openqa.selenium.remote.HttpCommandExecutor.execute(HttpCommandExecutor.java:136)
at org.openqa.selenium.remote.service.DriverCommandExecutor.execute(DriverCommandExecutor.java:83)
at org.openqa.selenium.remote.RemoteWebDriver.execute(RemoteWebDriver.java:552)
at org.openqa.selenium.remote.RemoteWebDriver.startSession(RemoteWebDriver.java:213)
at org.openqa.selenium.remote.RemoteWebDriver.<init>(RemoteWebDriver.java:131)
at org.openqa.selenium.chrome.ChromeDriver.<init>(ChromeDriver.java:181)
at org.openqa.selenium.chrome.ChromeDriver.<init>(ChromeDriver.java:168)
at org.openqa.selenium.chrome.ChromeDriver.<init>(ChromeDriver.java:123)
at resources.Base.initializeDriver(Base.java:32)
at Sample.End2EndProject.HomePageTest.initialize(HomePageTest.java:26)
... Removed 28 stack frames]]>
    </failure>
  </testcase> <!-- @BeforeTest initialize -->
  <testcase name="@AfterTest teardown" time="-1.590874761192E9" classname="Sample.End2EndProject.HomePageTest">
    <skipped/>
  </testcase> <!-- @AfterTest teardown -->
  <testcase name="ValidateHomePage" time="0.0" classname="Sample.End2EndProject.HomePageTest">
    <skipped/>
  </testcase> <!-- ValidateHomePage -->
  <testcase name="ValidateLogin" time="0.0" classname="Sample.End2EndProject.HomePageTest">
    <skipped/>
  </testcase> <!-- ValidateLogin -->
</testsuite> <!-- Test -->
